 
Ansys Electronics Desktop Version 2024.2.0, Build: 2024-05-23 02:23:50
Location: C:\Program Files\AnsysEM\v242\Win64\ansysedt.exe
Non Graphical Mode: No Project??
Starting Batch Run: 5:22:52 PM  Sep 28, 2025
Running as user : SAGITARIO\ITA
Temp directory: C:\Users\ITA\AppData\Local\Temp
Project directory: C:\Users\ITA\Documents\Ansoft
-- Message Window --
      *Global - Messages
        [info] GRPC server running on port: 51131. 
        [info] Project Spherical_Array has been created.
        [info] Added design 'CP' of type HFSS.
        [info] Aedt Objects correctly read
        [info] Modeler class has been initialized! Elapsed time: 0m 0sec
        [info] Materials class has been initialized! Elapsed time: 0m 0sec
        [info] Parsing design objects. This operation can take time
        [info] Refreshing bodies from Object Info
        [info] Bodies Info Refreshed Elapsed time: 0m 0sec
        [info] 3D Modeler objects parsed. Elapsed time: 0m 0sec
        [info] Boundary Finite Conductivity Coating_Patch1 has been created.
        [info] Boundary Wave Port Wave_Port1 has been created.
        [info] Parsing design objects. This operation can take time
        [info] Refreshing bodies from Object Info
        [info] Bodies Info Refreshed Elapsed time: 0m 0sec
        [info] 3D Modeler objects parsed. Elapsed time: 0m 0sec
        [info] Deleted 1 Objects: Patch_Sphere.
        [info] Parsing C:/Users/ITA/AppData/Local/Temp/tmpbllbskfk.ansys/Spherical_Array.aedt.
        [info] File C:/Users/ITA/AppData/Local/Temp/tmpbllbskfk.ansys/Spherical_Array.aedt correctly loaded. Elapsed time: 0m 0sec
        [info] aedt file load time 0.024609804153442383
        [info] PostProcessor class has been initialized! Elapsed time: 0m 0sec
        [info] PostProcessor class has been initialized! Elapsed time: 0m 0sec
        [info] Post class has been initialized! Elapsed time: 0m 0sec
        [info] Open Region correctly created.
        [info] Project Spherical_Array Saved correctly
        [info] Parsing C:/Users/ITA/AppData/Local/Temp/tmpbllbskfk.ansys/Spherical_Array.aedt.
        [info] File C:/Users/ITA/AppData/Local/Temp/tmpbllbskfk.ansys/Spherical_Array.aedt correctly loaded. Elapsed time: 0m 3sec
        [info] aedt file load time 2.9186244010925293
        [info] Key Desktop/ActiveDSOConfigurations/HFSS correctly changed.
        [info] Solving design setup GPS_Band
        [info] Key Desktop/ActiveDSOConfigurations/HFSS correctly changed.
        [info] Design setup GPS_Band solved correctly in 0.0h 6.0m 20.0s
        [info] Key Desktop/ActiveDSOConfigurations/HFSS correctly changed.
        [info] Solving design setup GPS_Band
        [info] Key Desktop/ActiveDSOConfigurations/HFSS correctly changed.
        [info] Design setup GPS_Band solved correctly in 0.0h 10.0m 25.0s
        [info] Project Spherical_Array Saved correctly
-- Message Window --
Stopping Batch Run: 5:59:00 PM  Sep 28, 2025
 
Ansys Electronics Desktop Version 2024.2.0, Build: 2024-05-23 02:23:50
Location: C:\Program Files\AnsysEM\v242\Win64\ansysedt.exe
Non Graphical Mode: No Project??
Starting Batch Run: 5:59:19 PM  Sep 28, 2025
Running as user : SAGITARIO\ITA
Temp directory: C:\Users\ITA\AppData\Local\Temp
Project directory: C:\Users\ITA\Documents\Ansoft
